
================================
ūüöÄ Tracker Update Script
================================

[0;36m[17:27:14] INFO[0m Avvio con opzioni: 
[0;36m[17:27:14] INFO[0m Log file: logs/run_20260203_172714.log
[0;36m[17:27:14] INFO[0m Working dir: /Users/bagnasco/tavolabiennaletech
[0;36m[17:27:14] INFO[0m User: bagnasco
[0;36m[17:27:14] INFO[0m Host: Nicolos-MacBook-Air-2.local
[0;36m[17:27:14] INFO[0m OS: Darwin Nicolos-MacBook-Air-2.local 25.2.0 Darwin Kernel Version 25.2.0: Tue Nov 18 21:09:34 PST 2025; root:xnu-12377.61.12~1/RELEASE_ARM64_T8112 arm64
[0;36m[17:27:14] INFO[0m Git branch: main
[0;36m[17:27:14] INFO[0m Git status:
## main...origin/main [behind 1]
 M .DS_Store
 M logs/run_20260203_171602.log
?? logs/run_20260203_172714.log
[0;36m[17:27:14] INFO[0m [1/14] Attivo ambiente virtuale
[‚Ėą‚ĖĎ‚ĖĎ‚ĖĎ‚ĖĎ‚ĖĎ‚ĖĎ‚ĖĎ‚ĖĎ‚ĖĎ‚ĖĎ‚ĖĎ‚ĖĎ‚ĖĎ‚ĖĎ‚ĖĎ‚ĖĎ‚ĖĎ‚ĖĎ‚ĖĎ]   7%

[0;36m[17:27:14] INFO[0m Python: Python 3.12.10
[0;36m[17:27:14] INFO[0m Pip: pip 25.0.1 from /Users/bagnasco/tavolabiennaletech/venv/lib/python3.12/site-packages/pip (python 3.12)
[0;32m[17:27:14] OK[0m [2/14] Ambiente pronto
[‚Ėą‚Ėą‚ĖĎ‚ĖĎ‚ĖĎ‚ĖĎ‚ĖĎ‚ĖĎ‚ĖĎ‚ĖĎ‚ĖĎ‚ĖĎ‚ĖĎ‚ĖĎ‚ĖĎ‚ĖĎ‚ĖĎ‚ĖĎ‚ĖĎ‚ĖĎ]  14%

[0;36m[17:27:14] INFO[0m [3/14] Aggiornamento repository
[‚Ėą‚Ėą‚Ėą‚Ėą‚ĖĎ‚ĖĎ‚ĖĎ‚ĖĎ‚ĖĎ‚ĖĎ‚ĖĎ‚ĖĎ‚ĖĎ‚ĖĎ‚ĖĎ‚ĖĎ‚ĖĎ‚ĖĎ‚ĖĎ‚ĖĎ]  21%
[0;36m[17:27:14] INFO[0m Solo logs/.DS_Store sporchi: eseguo git pull con autostash
Applied autostash.
[0;32m[17:27:15] OK[0m [4/14] Repository aggiornato
[‚Ėą‚Ėą‚Ėą‚Ėą‚Ėą‚ĖĎ‚ĖĎ‚ĖĎ‚ĖĎ‚ĖĎ‚ĖĎ‚ĖĎ‚ĖĎ‚ĖĎ‚ĖĎ‚ĖĎ‚ĖĎ‚ĖĎ‚ĖĎ‚ĖĎ]  28%

[0;36m[17:27:15] INFO[0m [5/14] Sync Apps Script
[‚Ėą‚Ėą‚Ėą‚Ėą‚Ėą‚Ėą‚Ėą‚ĖĎ‚ĖĎ‚ĖĎ‚ĖĎ‚ĖĎ‚ĖĎ‚ĖĎ‚ĖĎ‚ĖĎ‚ĖĎ‚ĖĎ‚ĖĎ‚ĖĎ]  35%
[0;36m[17:27:17] INFO[0m clasp: 3.2.0
[0;36m[17:27:19] INFO[0m Nessuna modifica Apps Script
[0;32m[17:27:19] OK[0m [6/14] Apps Script sync completato
[‚Ėą‚Ėą‚Ėą‚Ėą‚Ėą‚Ėą‚Ėą‚Ėą‚ĖĎ‚ĖĎ‚ĖĎ‚ĖĎ‚ĖĎ‚ĖĎ‚ĖĎ‚ĖĎ‚ĖĎ‚ĖĎ‚ĖĎ‚ĖĎ]  42%

[0;36m[17:27:19] INFO[0m [7/14] Generazione HTML
[‚Ėą‚Ėą‚Ėą‚Ėą‚Ėą‚Ėą‚Ėą‚Ėą‚Ėą‚Ėą‚ĖĎ‚ĖĎ‚ĖĎ‚ĖĎ‚ĖĎ‚ĖĎ‚ĖĎ‚ĖĎ‚ĖĎ‚ĖĎ]  50%
Generated ./html/index.html successfully.
Generated /Users/bagnasco/tavolabiennaletech/html/mobile.html successfully.

[0;32m[17:27:24] OK[0m [8/14] HTML generato
[‚Ėą‚Ėą‚Ėą‚Ėą‚Ėą‚Ėą‚Ėą‚Ėą‚Ėą‚Ėą‚Ėą‚ĖĎ‚ĖĎ‚ĖĎ‚ĖĎ‚ĖĎ‚ĖĎ‚ĖĎ‚ĖĎ‚ĖĎ]  57%

[0;36m[17:27:24] INFO[0m [9/14] Generazione PDF
[‚Ėą‚Ėą‚Ėą‚Ėą‚Ėą‚Ėą‚Ėą‚Ėą‚Ėą‚Ėą‚Ėą‚Ėą‚ĖĎ‚ĖĎ‚ĖĎ‚ĖĎ‚ĖĎ‚ĖĎ‚ĖĎ‚ĖĎ]  64%
Generated output/elementi_report.pdf

[0;32m[17:27:30] OK[0m [10/14] PDF generato
[‚Ėą‚Ėą‚Ėą‚Ėą‚Ėą‚Ėą‚Ėą‚Ėą‚Ėą‚Ėą‚Ėą‚Ėą‚Ėą‚Ėą‚ĖĎ‚ĖĎ‚ĖĎ‚ĖĎ‚ĖĎ‚ĖĎ]  71%

[0;36m[17:27:30] INFO[0m [11/14] Staging
[‚Ėą‚Ėą‚Ėą‚Ėą‚Ėą‚Ėą‚Ėą‚Ėą‚Ėą‚Ėą‚Ėą‚Ėą‚Ėą‚Ėą‚Ėą‚ĖĎ‚ĖĎ‚ĖĎ‚ĖĎ‚ĖĎ]  78%
[0;32m[17:27:30] OK[0m [12/14] File in staging
[‚Ėą‚Ėą‚Ėą‚Ėą‚Ėą‚Ėą‚Ėą‚Ėą‚Ėą‚Ėą‚Ėą‚Ėą‚Ėą‚Ėą‚Ėą‚Ėą‚Ėą‚ĖĎ‚ĖĎ‚ĖĎ]  85%
[0;36m[17:27:30] INFO[0m [13/14] Commit
[‚Ėą‚Ėą‚Ėą‚Ėą‚Ėą‚Ėą‚Ėą‚Ėą‚Ėą‚Ėą‚Ėą‚Ėą‚Ėą‚Ėą‚Ėą‚Ėą‚Ėą‚Ėą‚ĖĎ‚ĖĎ]  92%
[0;36m[17:27:30] INFO[0m [14/14] Push
[‚Ėą‚Ėą‚Ėą‚Ėą‚Ėą‚Ėą‚Ėą‚Ėą‚Ėą‚Ėą‚Ėą‚Ėą‚Ėą‚Ėą‚Ėą‚Ėą‚Ėą‚Ėą‚Ėą‚Ėą] 100%
To https://github.com/bagnasconicolo/tavolabiennaletech.git
   76725a0..5e44b47  main -> main
[0;32m[17:27:32] OK[0m [14/14] Repository aggiornato
[‚Ėą‚Ėą‚Ėą‚Ėą‚Ėą‚Ėą‚Ėą‚Ėą‚Ėą‚Ėą‚Ėą‚Ėą‚Ėą‚Ėą‚Ėą‚Ėą‚Ėą‚Ėą‚Ėą‚Ėą] 100%

================================
[0;32m[17:27:32] OK[0m Tutte le operazioni completate
[‚Ėą‚Ėą‚Ėą‚Ėą‚Ėą‚Ėą‚Ėą‚Ėą‚Ėą‚Ėą‚Ėą‚Ėą‚Ėą‚Ėą‚Ėą‚Ėą‚Ėą‚Ėą‚Ėą‚Ėą] 100%
================================

